{"message":"title is required","level":"error"}
{"message":"direction with id 1 created.","level":"info"}
{"message":"direction with id 2 created.","level":"info"}
{"message":"title is required","level":"error"}
{"message":"title is required","level":"error"}
{"message":"Recipe with id 8 created.","level":"info"}
{"message":"Recipe with id 8 deleted.","level":"info"}
{"message":"direction with id 4 created.","level":"info"}
{"message":"direction with id 4 deleted.","level":"info"}
{"message":"supplies with id 4 created.","level":"info"}
{"message":"supplies with id 4 deleted.","level":"info"}
{"message":"title is required","level":"error"}
{"message":"title is required","level":"error"}
{"message":"title is required","level":"error"}
{"message":"title is required","level":"error"}
{"message":"Recipe with id 9 created.","level":"info"}
{"message":"title is required","level":"error"}
{"message":"Recipe with id 10 created.","level":"info"}
{"message":"title is required","level":"error"}
{"message":"title is required","level":"error"}
{"message":"skill is required","level":"error"}
{"message":"title is required","level":"error"}
{"message":"title is required","level":"error"}
{"message":"title is required","level":"error"}
{"message":"title is required","level":"error"}
{"message":"title is required","level":"error"}
{"message":"skill is required","level":"error"}
{"message":"title is required","level":"error"}
{"message":"title is required","level":"error"}
{"message":"title is required","level":"error"}
{"message":"title is required","level":"error"}
{"message":"title is required","level":"error"}
{"message":"title is required","level":"error"}
{"message":"skill is required","level":"error"}
{"message":"skill is required","level":"error"}
{"message":"Recipe with id 11 created.","level":"info"}
{"message":"Recipe with id 14 created.","level":"info"}
{"message":"Recipe with id 19 created.","level":"info"}
{"message":"Recipe with id 20 created.","level":"info"}
{"message":"supplies with id 5 created.","level":"info"}
{"message":"supplies with id 6 created.","level":"info"}
{"message":"supplies with id 7 created.","level":"info"}
{"message":"Recipe with id 21 created.","level":"info"}
{"message":"supplies with id 8 created.","level":"info"}
{"message":"supplies with id 9 created.","level":"info"}
{"message":"Recipe with id 22 created.","level":"info"}
{"message":"supplies with id 10 created.","level":"info"}
{"message":"supplies with id 11 created.","level":"info"}
{"message":"Recipe with id 23 created.","level":"info"}
{"message":"supplies with id 12 created.","level":"info"}
{"message":"supplies with id 13 created.","level":"info"}
{"message":"direction with id 9 created.","level":"info"}
{"message":"direction with id 10 created.","level":"info"}
{"message":"Recipe with id 24 created.","level":"info"}
{"message":"supplies with id 14 created.","level":"info"}
{"message":"supplies with id 15 created.","level":"info"}
{"message":"direction with id 11 created.","level":"info"}
{"message":"direction with id 12 created.","level":"info"}
{"message":"direction with id 13 created.","level":"info"}
{"message":"supplies with id 16 created.","level":"info"}
{"message":"title is required","level":"error"}
{"message":"title is required","level":"error"}
{"message":"title is required","level":"error"}
{"message":"title is required","level":"error"}
{"message":"Recipe with id 25 created.","level":"info"}
{"message":"title is required","level":"error"}
{"message":"title is required","level":"error"}
{"message":"Recipe with id 26 created.","level":"info"}
{"message":"supplies with id 17 created.","level":"info"}
{"message":"direction with id 14 created.","level":"info"}
{"message":"Recipe with id 27 created.","level":"info"}
{"message":"title is required","level":"error"}
{"message":"title is required","level":"error"}
{"message":"Recipe with id 28 created.","level":"info"}
{"message":"title is required","level":"error"}
{"message":"title is required","level":"error"}
{"message":"Recipe with id 29 created.","level":"info"}
{"message":"title is required","level":"error"}
{"message":"title is required","level":"error"}
{"message":"skill is required","level":"error"}
{"message":"title is required","level":"error"}
{"message":"title is required","level":"error"}
{"message":"skill is required","level":"error"}
{"message":"title is required","level":"error"}
{"message":"title is required","level":"error"}
{"message":"Recipe with id 30 created.","level":"info"}
{"message":"title is required","level":"error"}
{"message":"title is required","level":"error"}
{"message":"Recipe with id 32 created.","level":"info"}
{"message":"title is required","level":"error"}
{"message":"title is required","level":"error"}
{"message":"Recipe with id 32 deleted.","level":"info"}
{"message":"skill is required","level":"error"}
{"message":"title is required","level":"error"}
{"message":"title is required","level":"error"}
{"message":"Recipe with id 33 created.","level":"info"}
{"message":"title is required","level":"error"}
{"message":"title is required","level":"error"}
{"message":"supplies with id 33 deleted.","level":"info"}
{"message":"Recipe with id 33 deleted.","level":"info"}
{"message":"Recipe with id 34 created.","level":"info"}
{"message":"supplies with id 43 created.","level":"info"}
{"message":"direction with id 57 created.","level":"info"}
{"message":"supplies with id 34 deleted.","level":"info"}
{"message":"supplies with id 43 deleted.","level":"info"}
{"message":"Recipe with id 1 created.","level":"info"}
{"message":"supplies with id 1 created.","level":"info"}
{"message":"direction with id 1 created.","level":"info"}
{"message":"Recipe with id 1 deleted.","level":"info"}
{"message":"Recipe with id 2 created.","level":"info"}
{"message":"supplies with id 2 created.","level":"info"}
{"message":"supplies with id 3 created.","level":"info"}
{"message":"direction with id 2 created.","level":"info"}
{"message":"direction with id 3 created.","level":"info"}
{"message":"Recipe with id 2 deleted.","level":"info"}
{"message":"Recipe with id 2 not found.","level":"error"}
{"message":"Recipe with id 2 not found.","level":"error"}
{"message":"Recipe with id 3 created.","level":"info"}
{"message":"supplies with id 5 created.","level":"info"}
{"message":"supplies with id 4 created.","level":"info"}
{"message":"direction with id 4 created.","level":"info"}
{"message":"direction with id 5 created.","level":"info"}
{"message":"Recipe with id 3 deleted.","level":"info"}
{"message":"Listing with id 4 created.","level":"info"}
{"message":"Listing with id 6 created.","level":"info"}
{"message":"Listing with id 7 created.","level":"info"}
{"message":"Listing with id 8 created.","level":"info"}
{"message":"Listing with id 9 created.","level":"info"}
{"message":"Listing with id 10 created.","level":"info"}
{"message":"Listing with id 11 created.","level":"info"}
{"message":"Listing with id 1 deleted.","level":"info"}
{"message":"Listing with id 4 deleted.","level":"info"}
{"message":"Listing with id 4 deleted.","level":"info"}
{"message":"title is required","level":"error"}
{"message":"location is required","level":"error"}
{"message":"Listing with id 12 created.","level":"info"}
{"message":"Listing with id 12 deleted.","level":"info"}
{"message":"stage is required","level":"error"}
{"message":"Listing with id 13 created.","level":"info"}
{"message":"Listing with id 13 deleted.","level":"info"}
{"message":"Listing with id 4 deleted.","level":"info"}
{"message":"Listing with id 13 deleted.","level":"info"}
{"message":"Listing with id 12 deleted.","level":"info"}
{"message":"Listing with id 6 deleted.","level":"info"}
{"message":"Listing with id 7 deleted.","level":"info"}
{"message":"Listing with id undefined updated.","level":"info"}
{"message":"Listing with id undefined updated.","level":"info"}
